<?xml version="1.0" encoding="UTF-8"?>
<!-- Generated by org.testng.reporters.JUnitReportReporter -->
<testsuite hostname="DESKTOP-VT2RIPP" failures="0" tests="1" name="Tests.ValidateLogo" time="0.577" errors="0" timestamp="29 Sep 2022 08:09:16 GMT" skipped="0">
  <testcase classname="Tests.ValidateLogo" name="validateHomePageLogo" time="0.577"/>
</testsuite> <!-- Tests.ValidateLogo -->
