<?xml version="1.0" encoding="UTF-8"?>
<!-- Generated by org.testng.reporters.JUnitReportReporter -->
<testsuite hostname="DESKTOP-VT2RIPP" failures="0" tests="1" name="Tests.addPet" time="3.248" errors="0" timestamp="28 Sep 2022 16:45:42 GMT" skipped="0">
  <testcase classname="Tests.addPet" name="add_Pet_OwnerProfile" time="3.248"/>
</testsuite> <!-- Tests.addPet -->
