<?xml version="1.0" encoding="UTF-8"?>
<!-- Generated by org.testng.reporters.JUnitReportReporter -->
<testsuite hostname="DESKTOP-VT2RIPP" failures="0" tests="1" name="Tests.AddOwner" time="3.409" errors="0" timestamp="28 Sep 2022 16:45:28 GMT" skipped="0">
  <testcase classname="Tests.AddOwner" name="addNewOwner_ValidateDetails" time="3.409"/>
</testsuite> <!-- Tests.AddOwner -->
