<?xml version="1.0" encoding="UTF-8"?>
<!-- Generated by org.testng.reporters.JUnitReportReporter -->
<testsuite hostname="DESKTOP-VT2RIPP" failures="0" tests="1" name="Tests.AddNewPet" time="5.238" errors="0" timestamp="29 Sep 2022 04:23:28 GMT" skipped="0">
  <testcase classname="Tests.AddNewPet" name="add_Pet_OwnerProfile" time="5.238"/>
</testsuite> <!-- Tests.AddNewPet -->
