<?xml version="1.0" encoding="UTF-8"?>
<!-- Generated by org.testng.reporters.JUnitReportReporter -->
<testsuite hostname="DESKTOP-VT2RIPP" failures="0" tests="1" name="Tests.Test2" time="34.479" errors="0" timestamp="2022-09-27T23:30:00 IST" skipped="0">
  <testcase classname="Tests.Test2" name="printtestname1" time="34.479"/>
  <system-out/>
</testsuite> <!-- Tests.Test2 -->
