<?xml version="1.0" encoding="UTF-8"?>
<!-- Generated by org.testng.reporters.JUnitReportReporter -->
<testsuite hostname="DESKTOP-VT2RIPP" failures="0" tests="1" name="Tests.AddOwner2" time="4.383" errors="0" timestamp="2022-09-28T10:45:48 IST" skipped="0">
  <testcase classname="Tests.AddOwner2" name="AddOwnerMethod" time="4.383"/>
  <system-out/>
</testsuite> <!-- Tests.AddOwner2 -->
