<?xml version="1.0" encoding="UTF-8"?>
<!-- Generated by org.testng.reporters.JUnitReportReporter -->
<testsuite hostname="DESKTOP-VT2RIPP" failures="0" tests="1" name="Tests.validateHomePageImage" time="0.521" errors="0" timestamp="28 Sep 2022 14:06:52 GMT" skipped="0">
  <testcase classname="Tests.validateHomePageImage" name="invokeApplicationtest" time="0.521"/>
</testsuite> <!-- Tests.validateHomePageImage -->
